0 info it worked if it ends with ok
1 verbose cli [ '/usr/local/bin/node', '/usr/local/bin/npm', 'run', 'start' ]
2 info using npm@3.10.10
3 info using node@v6.9.4
4 verbose run-script [ 'prestart', 'start', 'poststart' ]
5 info lifecycle botframework-webchat@0.10.6~prestart: botframework-webchat@0.10.6
6 silly lifecycle botframework-webchat@0.10.6~prestart: no script for prestart, continuing
7 info lifecycle botframework-webchat@0.10.6~start: botframework-webchat@0.10.6
8 verbose lifecycle botframework-webchat@0.10.6~start: unsafe-perm in lifecycle true
9 verbose lifecycle botframework-webchat@0.10.6~start: PATH: /usr/local/lib/node_modules/npm/bin/node-gyp-bin:/Users/andrea/Dropbox/lavoro/progetti/3wlab/pre-sales/assistente virtuale - carabinieri/botFramework/BotFramework-WebChat/node_modules/.bin:/Users/andrea/google-cloud-sdk/bin:/usr/local/bin:/usr/bin:/bin:/usr/sbin:/sbin:/opt/X11/bin:/Users/andrea/bin
10 verbose lifecycle botframework-webchat@0.10.6~start: CWD: /Users/andrea/Dropbox/lavoro/progetti/3wlab/pre-sales/assistente virtuale - carabinieri/botFramework/BotFramework-WebChat
11 silly lifecycle botframework-webchat@0.10.6~start: Args: [ '-c', 'http-server -p 8000' ]
12 silly lifecycle botframework-webchat@0.10.6~start: Returned: code: 1  signal: null
13 info lifecycle botframework-webchat@0.10.6~start: Failed to exec start script
14 verbose stack Error: botframework-webchat@0.10.6 start: `http-server -p 8000`
14 verbose stack Exit status 1
14 verbose stack     at EventEmitter.<anonymous> (/usr/local/lib/node_modules/npm/lib/utils/lifecycle.js:255:16)
14 verbose stack     at emitTwo (events.js:106:13)
14 verbose stack     at EventEmitter.emit (events.js:191:7)
14 verbose stack     at ChildProcess.<anonymous> (/usr/local/lib/node_modules/npm/lib/utils/spawn.js:40:14)
14 verbose stack     at emitTwo (events.js:106:13)
14 verbose stack     at ChildProcess.emit (events.js:191:7)
14 verbose stack     at maybeClose (internal/child_process.js:877:16)
14 verbose stack     at Process.ChildProcess._handle.onexit (internal/child_process.js:226:5)
15 verbose pkgid botframework-webchat@0.10.6
16 verbose cwd /Users/andrea/Dropbox/lavoro/progetti/3wlab/pre-sales/assistente virtuale - carabinieri/botFramework/BotFramework-WebChat
17 error Darwin 16.5.0
18 error argv "/usr/local/bin/node" "/usr/local/bin/npm" "run" "start"
19 error node v6.9.4
20 error npm  v3.10.10
21 error code ELIFECYCLE
22 error botframework-webchat@0.10.6 start: `http-server -p 8000`
22 error Exit status 1
23 error Failed at the botframework-webchat@0.10.6 start script 'http-server -p 8000'.
23 error Make sure you have the latest version of node.js and npm installed.
23 error If you do, this is most likely a problem with the botframework-webchat package,
23 error not with npm itself.
23 error Tell the author that this fails on your system:
23 error     http-server -p 8000
23 error You can get information on how to open an issue for this project with:
23 error     npm bugs botframework-webchat
23 error Or if that isn't available, you can get their info via:
23 error     npm owner ls botframework-webchat
23 error There is likely additional logging output above.
24 verbose exit [ 1, true ]
